Using pre-set license
Built from '2021.3/staging' branch; Version is '2021.3.24f1 (cf10dcf7010d) revision 13570268'; Using compiler version '192829333'; Build Type 'Release'
OS: 'Windows 11  (10.0.22621) 64bit Core' Language: 'en' Physical Memory: 16183 MB
BatchMode: 1, IsHumanControllingUs: 0, StartBugReporterOnCrash: 0, Is64bit: 1, IsPro: 1

COMMAND LINE ARGUMENTS:
C:\Program Files\Unity\Hub\Editor\2021.3.24f1\Editor\Unity.exe
-adb2
-batchMode
-noUpm
-name
AssetImportWorker0
-projectPath
C:/Users/azhon/unity/other/hill
-logFile
Logs/AssetImportWorker0.log
-srvPort
63695
Successfully changed project path to: C:/Users/azhon/unity/other/hill
C:/Users/azhon/unity/other/hill
[UnityMemory] Configuration Parameters - Can be set up in boot.config
    "memorysetup-bucket-allocator-granularity=16"
    "memorysetup-bucket-allocator-bucket-count=8"
    "memorysetup-bucket-allocator-block-size=33554432"
    "memorysetup-bucket-allocator-block-count=8"
    "memorysetup-main-allocator-block-size=16777216"
    "memorysetup-thread-allocator-block-size=16777216"
    "memorysetup-gfx-main-allocator-block-size=16777216"
    "memorysetup-gfx-thread-allocator-block-size=16777216"
    "memorysetup-cache-allocator-block-size=4194304"
    "memorysetup-typetree-allocator-block-size=2097152"
    "memorysetup-profiler-bucket-allocator-granularity=16"
    "memorysetup-profiler-bucket-allocator-bucket-count=8"
    "memorysetup-profiler-bucket-allocator-block-size=33554432"
    "memorysetup-profiler-bucket-allocator-block-count=8"
    "memorysetup-profiler-allocator-block-size=16777216"
    "memorysetup-profiler-editor-allocator-block-size=1048576"
    "memorysetup-temp-allocator-size-main=16777216"
    "memorysetup-job-temp-allocator-block-size=2097152"
    "memorysetup-job-temp-allocator-block-size-background=1048576"
    "memorysetup-job-temp-allocator-reduction-small-platforms=262144"
    "memorysetup-temp-allocator-size-background-worker=32768"
    "memorysetup-temp-allocator-size-job-worker=262144"
    "memorysetup-temp-allocator-size-preload-manager=33554432"
    "memorysetup-temp-allocator-size-nav-mesh-worker=65536"
    "memorysetup-temp-allocator-size-audio-worker=65536"
    "memorysetup-temp-allocator-size-cloud-worker=32768"
    "memorysetup-temp-allocator-size-gi-baking-worker=262144"
    "memorysetup-temp-allocator-size-gfx=262144"
Player connection [39736] Host "[IP] 172.27.48.1 [Port] 0 [Flags] 2 [Guid] 2197269080 [EditorId] 2197269080 [Version] 1048832 [Id] WindowsEditor(7,LAPTOP-N6M178DB) [Debug] 1 [PackageName] WindowsEditor [ProjectName] Editor" joined multi-casting on [225.0.0.222:54997]...

Player connection [39736] Host "[IP] 172.27.48.1 [Port] 0 [Flags] 2 [Guid] 2197269080 [EditorId] 2197269080 [Version] 1048832 [Id] WindowsEditor(7,LAPTOP-N6M178DB) [Debug] 1 [PackageName] WindowsEditor [ProjectName] Editor" joined alternative multi-casting on [225.0.0.222:34997]...

Refreshing native plugins compatible for Editor in 73.15 ms, found 3 plugins.
Preloading 0 native plugins for Editor in 0.00 ms.
Initialize engine version: 2021.3.24f1 (cf10dcf7010d)
[Subsystems] Discovering subsystems at path C:/Program Files/Unity/Hub/Editor/2021.3.24f1/Editor/Data/Resources/UnitySubsystems
[Subsystems] Discovering subsystems at path C:/Users/azhon/unity/other/hill/Assets
GfxDevice: creating device client; threaded=0; jobified=0
Direct3D:
    Version:  Direct3D 11.0 [level 11.1]
    Renderer: Intel(R) Iris(R) Xe Graphics (ID=0x9a49)
    Vendor:   Intel
    VRAM:     8091 MB
    Driver:   30.0.100.9864
Initialize mono
Mono path[0] = 'C:/Program Files/Unity/Hub/Editor/2021.3.24f1/Editor/Data/Managed'
Mono path[1] = 'C:/Program Files/Unity/Hub/Editor/2021.3.24f1/Editor/Data/MonoBleedingEdge/lib/mono/unityjit-win32'
Mono config path = 'C:/Program Files/Unity/Hub/Editor/2021.3.24f1/Editor/Data/MonoBleedingEdge/etc'
Using monoOptions --debugger-agent=transport=dt_socket,embedding=1,server=y,suspend=n,address=127.0.0.1:56948
Begin MonoManager ReloadAssembly
Registering precompiled unity dll's ...
Register platform support module: C:/Program Files/Unity/Hub/Editor/2021.3.24f1/Editor/Data/PlaybackEngines/AndroidPlayer/UnityEditor.Android.Extensions.dll
Register platform support module: C:/Program Files/Unity/Hub/Editor/2021.3.24f1/Editor/Data/PlaybackEngines/WindowsStandaloneSupport/UnityEditor.WindowsStandalone.Extensions.dll
Registered in 0.009782 seconds.
Native extension for WindowsStandalone target not found
Native extension for Android target not found
Android Extension - Scanning For ADB Devices 351 ms
Refreshing native plugins compatible for Editor in 72.85 ms, found 3 plugins.
Preloading 0 native plugins for Editor in 0.00 ms.
Mono: successfully reloaded assembly
- Completed reload, in  1.088 seconds
Domain Reload Profiling:
	ReloadAssembly (1089ms)
		BeginReloadAssembly (152ms)
			ExecutionOrderSort (0ms)
			DisableScriptedObjects (0ms)
			BackupInstance (0ms)
			ReleaseScriptingObjects (0ms)
			CreateAndSetChildDomain (1ms)
		EndReloadAssembly (832ms)
			LoadAssemblies (150ms)
			RebuildTransferFunctionScriptingTraits (0ms)
			SetupTypeCache (109ms)
			ReleaseScriptCaches (0ms)
			RebuildScriptCaches (29ms)
			SetupLoadedEditorAssemblies (648ms)
				LogAssemblyErrors (0ms)
				InitializePlatformSupportModulesInManaged (433ms)
				SetLoadedEditorAssemblies (0ms)
				RefreshPlugins (73ms)
				BeforeProcessingInitializeOnLoad (2ms)
				ProcessInitializeOnLoadAttributes (94ms)
				ProcessInitializeOnLoadMethodAttributes (46ms)
				AfterProcessingInitializeOnLoad (0ms)
				EditorAssembliesLoaded (0ms)
			ExecutionOrderSort2 (0ms)
			AwakeInstancesAfterBackupRestoration (0ms)
Platform modules already initialized, skipping
Registering precompiled user dll's ...
Registered in 0.006332 seconds.
Begin MonoManager ReloadAssembly
Symbol file LoadedFromMemory doesn't match image C:\Users\azhon\unity\other\hill\Library\PackageCache\com.unity.visualscripting@1.8.0\Editor\VisualScripting.Core\Dependencies\YamlDotNet\Unity.VisualScripting.YamlDotNet.dll
Symbol file LoadedFromMemory doesn't match image C:\Users\azhon\unity\other\hill\Library\PackageCache\com.unity.visualscripting@1.8.0\Editor\VisualScripting.Core\Dependencies\DotNetZip\Unity.VisualScripting.IonicZip.dll
Native extension for WindowsStandalone target not found
Native extension for Android target not found
Refreshing native plugins compatible for Editor in 0.50 ms, found 3 plugins.
Preloading 0 native plugins for Editor in 0.00 ms.
Mono: successfully reloaded assembly
- Completed reload, in  1.230 seconds
Domain Reload Profiling:
	ReloadAssembly (1232ms)
		BeginReloadAssembly (156ms)
			ExecutionOrderSort (0ms)
			DisableScriptedObjects (6ms)
			BackupInstance (0ms)
			ReleaseScriptingObjects (0ms)
			CreateAndSetChildDomain (22ms)
		EndReloadAssembly (914ms)
			LoadAssemblies (170ms)
			RebuildTransferFunctionScriptingTraits (0ms)
			SetupTypeCache (297ms)
			ReleaseScriptCaches (1ms)
			RebuildScriptCaches (45ms)
			SetupLoadedEditorAssemblies (357ms)
				LogAssemblyErrors (0ms)
				InitializePlatformSupportModulesInManaged (17ms)
				SetLoadedEditorAssemblies (0ms)
				RefreshPlugins (1ms)
				BeforeProcessingInitializeOnLoad (79ms)
				ProcessInitializeOnLoadAttributes (231ms)
				ProcessInitializeOnLoadMethodAttributes (21ms)
				AfterProcessingInitializeOnLoad (8ms)
				EditorAssembliesLoaded (0ms)
			ExecutionOrderSort2 (0ms)
			AwakeInstancesAfterBackupRestoration (6ms)
Platform modules already initialized, skipping
========================================================================
Worker process is ready to serve import requests
Launched and connected shader compiler UnityShaderCompiler.exe after 0.07 seconds
Refreshing native plugins compatible for Editor in 0.48 ms, found 3 plugins.
Preloading 0 native plugins for Editor in 0.00 ms.
Unloading 3047 Unused Serialized files (Serialized files now loaded: 0)
Unloading 22 unused Assets / (56.1 KB). Loaded Objects now: 3512.
Memory consumption went from 107.6 MB to 107.6 MB.
Total: 3.314500 ms (FindLiveObjects: 0.340000 ms CreateObjectMapping: 0.236800 ms MarkObjects: 2.645100 ms  DeleteObjects: 0.091400 ms)

AssetImportParameters requested are different than current active one (requested -> active):
  custom:video-decoder-ogg-theora: a1e56fd34408186e4bbccfd4996cb3dc -> 
  custom:container-muxer-webm: aa71ff27fc2769a1b78a27578f13a17b -> 
  custom:container-demuxer-webm: 4f35f7cbe854078d1ac9338744f61a02 -> 
  custom:video-encoder-webm-vp8: eb34c28f22e8b96e1ab97ce403110664 -> 
  custom:video-codec-MediaFoundation-h265: 746d11721c4dcdbdad8f713fa42b33f4 -> 
  custom:audio-encoder-webm-vorbis: bf7c407c2cedff20999df2af8eb42d56 -> 
  custom:framework-win-MediaFoundation: 216162199b28c13a410421893ffa2e32 -> 
  custom:container-demuxer-ogg: 62fdf1f143b41e24485cea50d1cbac27 -> 
  custom:video-decoder-webm-vp8: 9c59270c3fd7afecdb556c50c9e8de78 -> 
  custom:audio-decoder-ogg-vorbis: bf7c407c2cedff20999df2af8eb42d56 -> 
========================================================================
Received Import Request.
  Time since last request: 1346669.410043 seconds.
  path: Assets/Textures
  artifactKey: Guid(a5713c6bbabc83045aa138eaac0605a0) Importer(815301076,1909f56bfc062723c751e8b465ee728b)
Start importing Assets/Textures using Guid(a5713c6bbabc83045aa138eaac0605a0) Importer(815301076,1909f56bfc062723c751e8b465ee728b)  -> (artifact id: '5c81cbb08b463e6af8e68efa2d8e2cac') in 0.016184 seconds 
========================================================================
Received Import Request.
  Time since last request: 28.354484 seconds.
  path: Assets/Textures/cloud.png
  artifactKey: Guid(7c3bb7cde6568f14abc93549ca653817) Importer(815301076,1909f56bfc062723c751e8b465ee728b)
Start importing Assets/Textures/cloud.png using Guid(7c3bb7cde6568f14abc93549ca653817) Importer(815301076,1909f56bfc062723c751e8b465ee728b)  -> (artifact id: '6e049a05cfd08edf57ecd95bc106acfa') in 0.096426 seconds 
========================================================================
Received Import Request.
  Time since last request: 15.809366 seconds.
  path: Assets/Textures/cloud.png
  artifactKey: Guid(7c3bb7cde6568f14abc93549ca653817) Importer(815301076,1909f56bfc062723c751e8b465ee728b)
Start importing Assets/Textures/cloud.png using Guid(7c3bb7cde6568f14abc93549ca653817) Importer(815301076,1909f56bfc062723c751e8b465ee728b)  -> (artifact id: 'c242526be4930fffff793cfd7dfa212a') in 0.025227 seconds 
========================================================================
Received Import Request.
  Time since last request: 14.651195 seconds.
  path: Assets/Textures/New Material.mat
  artifactKey: Guid(72f2acc1aefb0574d96f93ff8e7287cb) Importer(815301076,1909f56bfc062723c751e8b465ee728b)
Start importing Assets/Textures/New Material.mat using Guid(72f2acc1aefb0574d96f93ff8e7287cb) Importer(815301076,1909f56bfc062723c751e8b465ee728b)  -> (artifact id: 'dcc2fe5e5d0825e08bd96843e2eb7fb7') in 0.118859 seconds 
========================================================================
Received Import Request.
  Time since last request: 10.335953 seconds.
  path: Assets/Textures/Cloud_mat.mat
  artifactKey: Guid(72f2acc1aefb0574d96f93ff8e7287cb) Importer(815301076,1909f56bfc062723c751e8b465ee728b)
Start importing Assets/Textures/Cloud_mat.mat using Guid(72f2acc1aefb0574d96f93ff8e7287cb) Importer(815301076,1909f56bfc062723c751e8b465ee728b)  -> (artifact id: '6c9091eb8d1370e2b7e62a01db264630') in 0.020048 seconds 
========================================================================
Received Import Request.
  Time since last request: 407.162685 seconds.
  path: Assets/Textures/Cloud_mat.mat
  artifactKey: Guid(72f2acc1aefb0574d96f93ff8e7287cb) Importer(815301076,1909f56bfc062723c751e8b465ee728b)
Start importing Assets/Textures/Cloud_mat.mat using Guid(72f2acc1aefb0574d96f93ff8e7287cb) Importer(815301076,1909f56bfc062723c751e8b465ee728b)  -> (artifact id: '184b6abc55e5ec4988778d03337c43a7') in 0.360213 seconds 
========================================================================
Received Prepare
Registering precompiled user dll's ...
Registered in 0.006903 seconds.
Begin MonoManager ReloadAssembly
Symbol file LoadedFromMemory doesn't match image C:\Users\azhon\unity\other\hill\Library\PackageCache\com.unity.visualscripting@1.8.0\Editor\VisualScripting.Core\Dependencies\YamlDotNet\Unity.VisualScripting.YamlDotNet.dll
Symbol file LoadedFromMemory doesn't match image C:\Users\azhon\unity\other\hill\Library\PackageCache\com.unity.visualscripting@1.8.0\Editor\VisualScripting.Core\Dependencies\DotNetZip\Unity.VisualScripting.IonicZip.dll
Native extension for WindowsStandalone target not found
Native extension for Android target not found
Refreshing native plugins compatible for Editor in 2.02 ms, found 3 plugins.
Preloading 0 native plugins for Editor in 0.00 ms.
Mono: successfully reloaded assembly
- Completed reload, in  2.452 seconds
Domain Reload Profiling:
	ReloadAssembly (2454ms)
		BeginReloadAssembly (377ms)
			ExecutionOrderSort (0ms)
			DisableScriptedObjects (12ms)
			BackupInstance (0ms)
			ReleaseScriptingObjects (1ms)
			CreateAndSetChildDomain (108ms)
		EndReloadAssembly (1849ms)
			LoadAssemblies (252ms)
			RebuildTransferFunctionScriptingTraits (0ms)
			SetupTypeCache (640ms)
			ReleaseScriptCaches (4ms)
			RebuildScriptCaches (136ms)
			SetupLoadedEditorAssemblies (699ms)
				LogAssemblyErrors (0ms)
				InitializePlatformSupportModulesInManaged (46ms)
				SetLoadedEditorAssemblies (1ms)
				RefreshPlugins (2ms)
				BeforeProcessingInitializeOnLoad (124ms)
				ProcessInitializeOnLoadAttributes (463ms)
				ProcessInitializeOnLoadMethodAttributes (46ms)
				AfterProcessingInitializeOnLoad (17ms)
				EditorAssembliesLoaded (0ms)
			ExecutionOrderSort2 (0ms)
			AwakeInstancesAfterBackupRestoration (14ms)
Platform modules already initialized, skipping
Refreshing native plugins compatible for Editor in 4.37 ms, found 3 plugins.
Preloading 0 native plugins for Editor in 0.00 ms.
Unloading 3040 Unused Serialized files (Serialized files now loaded: 0)
Unloading 15 unused Assets / (24.6 KB). Loaded Objects now: 3559.
Memory consumption went from 112.0 MB to 112.0 MB.
Total: 9.337300 ms (FindLiveObjects: 1.220200 ms CreateObjectMapping: 1.043100 ms MarkObjects: 6.924600 ms  DeleteObjects: 0.143200 ms)

AssetImportParameters requested are different than current active one (requested -> active):
  custom:video-decoder-ogg-theora: a1e56fd34408186e4bbccfd4996cb3dc -> 
  custom:container-muxer-webm: aa71ff27fc2769a1b78a27578f13a17b -> 
  custom:container-demuxer-webm: 4f35f7cbe854078d1ac9338744f61a02 -> 
  custom:video-encoder-webm-vp8: eb34c28f22e8b96e1ab97ce403110664 -> 
  custom:video-codec-MediaFoundation-h265: 746d11721c4dcdbdad8f713fa42b33f4 -> 
  custom:audio-encoder-webm-vorbis: bf7c407c2cedff20999df2af8eb42d56 -> 
  custom:framework-win-MediaFoundation: 216162199b28c13a410421893ffa2e32 -> 
  custom:container-demuxer-ogg: 62fdf1f143b41e24485cea50d1cbac27 -> 
  custom:video-decoder-webm-vp8: 9c59270c3fd7afecdb556c50c9e8de78 -> 
  custom:audio-decoder-ogg-vorbis: bf7c407c2cedff20999df2af8eb42d56 -> 
========================================================================
Received Import Request.
  Time since last request: 299.186844 seconds.
  path: Assets/Textures/cloudv2.png
  artifactKey: Guid(75fe2d45a3f77274683f644c265ecc80) Importer(815301076,1909f56bfc062723c751e8b465ee728b)
Start importing Assets/Textures/cloudv2.png using Guid(75fe2d45a3f77274683f644c265ecc80) Importer(815301076,1909f56bfc062723c751e8b465ee728b)  -> (artifact id: 'f33cd58eb11eaed98711985903d4921a') in 0.064681 seconds 
========================================================================
Received Import Request.
  Time since last request: 27.540878 seconds.
  path: Assets/Textures/Cloud_mat.mat
  artifactKey: Guid(72f2acc1aefb0574d96f93ff8e7287cb) Importer(815301076,1909f56bfc062723c751e8b465ee728b)
Start importing Assets/Textures/Cloud_mat.mat using Guid(72f2acc1aefb0574d96f93ff8e7287cb) Importer(815301076,1909f56bfc062723c751e8b465ee728b)  -> (artifact id: 'dc752ac4e8e9963b9ec1fc7173311024') in 0.048815 seconds 
========================================================================
Received Import Request.
  Time since last request: 32.708397 seconds.
  path: Assets/Textures/cloudv3.png
  artifactKey: Guid(6283551436a206c40b5115ce27e36b5a) Importer(815301076,1909f56bfc062723c751e8b465ee728b)
Start importing Assets/Textures/cloudv3.png using Guid(6283551436a206c40b5115ce27e36b5a) Importer(815301076,1909f56bfc062723c751e8b465ee728b)  -> (artifact id: '203962a3bf159dd4b2c129fa7a2d5640') in 0.022302 seconds 
========================================================================
Received Import Request.
  Time since last request: 32.237049 seconds.
  path: Assets/Textures/cloudv3.png
  artifactKey: Guid(6283551436a206c40b5115ce27e36b5a) Importer(815301076,1909f56bfc062723c751e8b465ee728b)
Start importing Assets/Textures/cloudv3.png using Guid(6283551436a206c40b5115ce27e36b5a) Importer(815301076,1909f56bfc062723c751e8b465ee728b)  -> (artifact id: '6a9e207b51185f62779d600e09d61b37') in 0.017375 seconds 
========================================================================
Received Import Request.
  Time since last request: 306.977257 seconds.
  path: Assets/Textures/Cloud_mat.mat
  artifactKey: Guid(72f2acc1aefb0574d96f93ff8e7287cb) Importer(815301076,1909f56bfc062723c751e8b465ee728b)
Start importing Assets/Textures/Cloud_mat.mat using Guid(72f2acc1aefb0574d96f93ff8e7287cb) Importer(815301076,1909f56bfc062723c751e8b465ee728b)  -> (artifact id: 'b34d8280b553b1120d4cd7f15269c473') in 0.032871 seconds 
========================================================================
Received Import Request.
  Time since last request: 76.999656 seconds.
  path: Assets/Textures/cloudv4.png
  artifactKey: Guid(64e0d9904486910478459c8df236de78) Importer(815301076,1909f56bfc062723c751e8b465ee728b)
Start importing Assets/Textures/cloudv4.png using Guid(64e0d9904486910478459c8df236de78) Importer(815301076,1909f56bfc062723c751e8b465ee728b)  -> (artifact id: 'f0cb40c0ad23134eb86136a3b123ac9e') in 0.023699 seconds 
========================================================================
Received Import Request.
  Time since last request: 37.034442 seconds.
  path: Assets/Textures/Cloud_mat.mat
  artifactKey: Guid(72f2acc1aefb0574d96f93ff8e7287cb) Importer(815301076,1909f56bfc062723c751e8b465ee728b)
Start importing Assets/Textures/Cloud_mat.mat using Guid(72f2acc1aefb0574d96f93ff8e7287cb) Importer(815301076,1909f56bfc062723c751e8b465ee728b)  -> (artifact id: '257a70baa8d936e62cc4a369f1414fb3') in 0.022942 seconds 
========================================================================
Received Prepare
Registering precompiled user dll's ...
Registered in 0.007113 seconds.
Begin MonoManager ReloadAssembly
Symbol file LoadedFromMemory doesn't match image C:\Users\azhon\unity\other\hill\Library\PackageCache\com.unity.visualscripting@1.8.0\Editor\VisualScripting.Core\Dependencies\YamlDotNet\Unity.VisualScripting.YamlDotNet.dll
Symbol file LoadedFromMemory doesn't match image C:\Users\azhon\unity\other\hill\Library\PackageCache\com.unity.visualscripting@1.8.0\Editor\VisualScripting.Core\Dependencies\DotNetZip\Unity.VisualScripting.IonicZip.dll
Native extension for WindowsStandalone target not found
Native extension for Android target not found
Refreshing native plugins compatible for Editor in 1.84 ms, found 3 plugins.
Preloading 0 native plugins for Editor in 0.00 ms.
Mono: successfully reloaded assembly
- Completed reload, in  2.622 seconds
Domain Reload Profiling:
	ReloadAssembly (2624ms)
		BeginReloadAssembly (395ms)
			ExecutionOrderSort (0ms)
			DisableScriptedObjects (12ms)
			BackupInstance (0ms)
			ReleaseScriptingObjects (0ms)
			CreateAndSetChildDomain (100ms)
		EndReloadAssembly (1880ms)
			LoadAssemblies (309ms)
			RebuildTransferFunctionScriptingTraits (0ms)
			SetupTypeCache (653ms)
			ReleaseScriptCaches (3ms)
			RebuildScriptCaches (107ms)
			SetupLoadedEditorAssemblies (703ms)
				LogAssemblyErrors (0ms)
				InitializePlatformSupportModulesInManaged (53ms)
				SetLoadedEditorAssemblies (1ms)
				RefreshPlugins (2ms)
				BeforeProcessingInitializeOnLoad (152ms)
				ProcessInitializeOnLoadAttributes (415ms)
				ProcessInitializeOnLoadMethodAttributes (57ms)
				AfterProcessingInitializeOnLoad (22ms)
				EditorAssembliesLoaded (1ms)
			ExecutionOrderSort2 (0ms)
			AwakeInstancesAfterBackupRestoration (17ms)
Platform modules already initialized, skipping
Refreshing native plugins compatible for Editor in 3.60 ms, found 3 plugins.
Preloading 0 native plugins for Editor in 0.00 ms.
Unloading 3040 Unused Serialized files (Serialized files now loaded: 0)
Unloading 15 unused Assets / (24.7 KB). Loaded Objects now: 3562.
Memory consumption went from 112.0 MB to 112.0 MB.
Total: 3.706800 ms (FindLiveObjects: 0.339000 ms CreateObjectMapping: 0.249000 ms MarkObjects: 3.068500 ms  DeleteObjects: 0.047900 ms)

AssetImportParameters requested are different than current active one (requested -> active):
  custom:video-decoder-ogg-theora: a1e56fd34408186e4bbccfd4996cb3dc -> 
  custom:container-muxer-webm: aa71ff27fc2769a1b78a27578f13a17b -> 
  custom:container-demuxer-webm: 4f35f7cbe854078d1ac9338744f61a02 -> 
  custom:video-encoder-webm-vp8: eb34c28f22e8b96e1ab97ce403110664 -> 
  custom:video-codec-MediaFoundation-h265: 746d11721c4dcdbdad8f713fa42b33f4 -> 
  custom:audio-encoder-webm-vorbis: bf7c407c2cedff20999df2af8eb42d56 -> 
  custom:framework-win-MediaFoundation: 216162199b28c13a410421893ffa2e32 -> 
  custom:container-demuxer-ogg: 62fdf1f143b41e24485cea50d1cbac27 -> 
  custom:video-decoder-webm-vp8: 9c59270c3fd7afecdb556c50c9e8de78 -> 
  custom:audio-decoder-ogg-vorbis: bf7c407c2cedff20999df2af8eb42d56 -> 
========================================================================
Received Import Request.
  Time since last request: 399.730175 seconds.
  path: Assets/Textures/cloudv5.png
  artifactKey: Guid(618dfdeedea98ca4ebe1ac0728fffb66) Importer(815301076,1909f56bfc062723c751e8b465ee728b)
Start importing Assets/Textures/cloudv5.png using Guid(618dfdeedea98ca4ebe1ac0728fffb66) Importer(815301076,1909f56bfc062723c751e8b465ee728b)  -> (artifact id: 'fb3d77feeceb3f81483d082e9df19b38') in 0.075771 seconds 
========================================================================
Received Import Request.
  Time since last request: 30.882787 seconds.
  path: Assets/Textures/cloudv6.png
  artifactKey: Guid(6dd68a8d8b73d8d48a7fbe5e7c2c7725) Importer(815301076,1909f56bfc062723c751e8b465ee728b)
Start importing Assets/Textures/cloudv6.png using Guid(6dd68a8d8b73d8d48a7fbe5e7c2c7725) Importer(815301076,1909f56bfc062723c751e8b465ee728b)  -> (artifact id: '3c311eff2b085d11374f090c8b2e6570') in 0.029386 seconds 
========================================================================
Received Import Request.
  Time since last request: 46.653403 seconds.
  path: Assets/Textures/cloudv7.png
  artifactKey: Guid(d4f74fdd694c6264d8649450bf9e294b) Importer(815301076,1909f56bfc062723c751e8b465ee728b)
Start importing Assets/Textures/cloudv7.png using Guid(d4f74fdd694c6264d8649450bf9e294b) Importer(815301076,1909f56bfc062723c751e8b465ee728b)  -> (artifact id: 'd447cf0cb9cb05a47ee43148e81c4902') in 0.035367 seconds 
========================================================================
Received Import Request.
  Time since last request: 92.433877 seconds.
  path: Assets/Textures/cloudv7.png
  artifactKey: Guid(d4f74fdd694c6264d8649450bf9e294b) Importer(815301076,1909f56bfc062723c751e8b465ee728b)
Start importing Assets/Textures/cloudv7.png using Guid(d4f74fdd694c6264d8649450bf9e294b) Importer(815301076,1909f56bfc062723c751e8b465ee728b)  -> (artifact id: '3a171829844db05040645ed3f10c2ccc') in 0.027001 seconds 
========================================================================
Received Import Request.
  Time since last request: 26.349042 seconds.
  path: Assets/Textures/Cloud_mat.mat
  artifactKey: Guid(72f2acc1aefb0574d96f93ff8e7287cb) Importer(815301076,1909f56bfc062723c751e8b465ee728b)
Start importing Assets/Textures/Cloud_mat.mat using Guid(72f2acc1aefb0574d96f93ff8e7287cb) Importer(815301076,1909f56bfc062723c751e8b465ee728b)  -> (artifact id: '1a81435bdf7ca4bfbbc8806c8bb76341') in 0.063803 seconds 
========================================================================
Received Prepare
Registering precompiled user dll's ...
Registered in 0.006960 seconds.
Begin MonoManager ReloadAssembly
Symbol file LoadedFromMemory doesn't match image C:\Users\azhon\unity\other\hill\Library\PackageCache\com.unity.visualscripting@1.8.0\Editor\VisualScripting.Core\Dependencies\YamlDotNet\Unity.VisualScripting.YamlDotNet.dll
Symbol file LoadedFromMemory doesn't match image C:\Users\azhon\unity\other\hill\Library\PackageCache\com.unity.visualscripting@1.8.0\Editor\VisualScripting.Core\Dependencies\DotNetZip\Unity.VisualScripting.IonicZip.dll
Native extension for WindowsStandalone target not found
Native extension for Android target not found
Refreshing native plugins compatible for Editor in 1.99 ms, found 3 plugins.
Preloading 0 native plugins for Editor in 0.00 ms.
Mono: successfully reloaded assembly
- Completed reload, in  2.823 seconds
Domain Reload Profiling:
	ReloadAssembly (2825ms)
		BeginReloadAssembly (465ms)
			ExecutionOrderSort (0ms)
			DisableScriptedObjects (15ms)
			BackupInstance (0ms)
			ReleaseScriptingObjects (0ms)
			CreateAndSetChildDomain (148ms)
		EndReloadAssembly (2088ms)
			LoadAssemblies (287ms)
			RebuildTransferFunctionScriptingTraits (0ms)
			SetupTypeCache (705ms)
			ReleaseScriptCaches (6ms)
			RebuildScriptCaches (123ms)
			SetupLoadedEditorAssemblies (845ms)
				LogAssemblyErrors (0ms)
				InitializePlatformSupportModulesInManaged (60ms)
				SetLoadedEditorAssemblies (1ms)
				RefreshPlugins (2ms)
				BeforeProcessingInitializeOnLoad (149ms)
				ProcessInitializeOnLoadAttributes (552ms)
				ProcessInitializeOnLoadMethodAttributes (59ms)
				AfterProcessingInitializeOnLoad (21ms)
				EditorAssembliesLoaded (0ms)
			ExecutionOrderSort2 (0ms)
			AwakeInstancesAfterBackupRestoration (18ms)
Platform modules already initialized, skipping
Refreshing native plugins compatible for Editor in 4.19 ms, found 3 plugins.
Preloading 0 native plugins for Editor in 0.00 ms.
Unloading 3040 Unused Serialized files (Serialized files now loaded: 0)
Unloading 15 unused Assets / (25.3 KB). Loaded Objects now: 3565.
Memory consumption went from 112.0 MB to 112.0 MB.
Total: 8.411600 ms (FindLiveObjects: 0.676000 ms CreateObjectMapping: 0.980700 ms MarkObjects: 6.579500 ms  DeleteObjects: 0.170900 ms)

AssetImportParameters requested are different than current active one (requested -> active):
  custom:video-decoder-ogg-theora: a1e56fd34408186e4bbccfd4996cb3dc -> 
  custom:container-muxer-webm: aa71ff27fc2769a1b78a27578f13a17b -> 
  custom:container-demuxer-webm: 4f35f7cbe854078d1ac9338744f61a02 -> 
  custom:video-encoder-webm-vp8: eb34c28f22e8b96e1ab97ce403110664 -> 
  custom:video-codec-MediaFoundation-h265: 746d11721c4dcdbdad8f713fa42b33f4 -> 
  custom:audio-encoder-webm-vorbis: bf7c407c2cedff20999df2af8eb42d56 -> 
  custom:framework-win-MediaFoundation: 216162199b28c13a410421893ffa2e32 -> 
  custom:container-demuxer-ogg: 62fdf1f143b41e24485cea50d1cbac27 -> 
  custom:video-decoder-webm-vp8: 9c59270c3fd7afecdb556c50c9e8de78 -> 
  custom:audio-decoder-ogg-vorbis: bf7c407c2cedff20999df2af8eb42d56 -> 
